<?xml version="1.0" encoding="UTF-8"?>
<!-- Generated by org.testng.reporters.JUnitReportReporter -->
<testsuite hostname="DESKTOP-J0M3L6F" name="com.mukesh.example1.ScrollPage" tests="1" failures="0" timestamp="24 Aug 2019 13:01:00 GMT" time="21.649" errors="0">
  <testcase name="scrollpageDown" time="21.649" classname="com.mukesh.example1.ScrollPage"/>
</testsuite> <!-- com.mukesh.example1.ScrollPage -->
