<?xml version="1.0" encoding="UTF-8"?>
<!-- Generated by org.testng.reporters.JUnitReportReporter -->
<testsuite hostname="DESKTOP-J0M3L6F" name="com.mukesh.example1.DragAndDrop" tests="1" failures="0" timestamp="24 Aug 2019 12:15:01 GMT" time="32.456" errors="0">
  <testcase name="DragnDrop" time="32.456" classname="com.mukesh.example1.DragAndDrop"/>
</testsuite> <!-- com.mukesh.example1.DragAndDrop -->
